# JRE version: Java(TM) SE Runtime Environment (8.0_65-b17) (build 1.8.0_65-b17)
# Java VM: Java HotSpot(TM) 64-Bit Server VM (25.65-b01 mixed mode windows-amd64 compressed oops)
Heap:
 PSYoungGen      total 79872K, used 44965K [0x00000000eab00000, 0x00000000f0300000, 0x0000000100000000)
  eden space 70656K, 56% used [0x00000000eab00000,0x00000000ed1ed8d8,0x00000000ef000000)
  from space 9216K, 55% used [0x00000000efa00000,0x00000000efefbc48,0x00000000f0300000)
  to   space 9728K, 0% used [0x00000000ef000000,0x00000000ef000000,0x00000000ef980000)
 ParOldGen       total 39424K, used 16146K [0x00000000c0000000, 0x00000000c2680000, 0x00000000eab00000)
  object space 39424K, 40% used [0x00000000c0000000,0x00000000c0fc4a50,0x00000000c2680000)
 Metaspace       used 30520K, capacity 31174K, committed 31488K, reserved 1077248K
  class space    used 4056K, capacity 4226K, committed 4352K, reserved 1048576K
GC Heap History (10 events):
Event: 64.190 GC heap before
{Heap before GC invocations=9 (full 1):
 PSYoungGen      total 33280K, used 24704K [0x00000000eab00000, 0x00000000eeb80000, 0x0000000100000000)
  eden space 23552K, 100% used [0x00000000eab00000,0x00000000ec200000,0x00000000ec200000)
  from space 9728K, 11% used [0x00000000ec200000,0x00000000ec320020,0x00000000ecb80000)
  to   space 10240K, 0% used [0x00000000ee180000,0x00000000ee180000,0x00000000eeb80000)
 ParOldGen       total 39424K, used 10850K [0x00000000c0000000, 0x00000000c2680000, 0x00000000eab00000)
  object space 39424K, 27% used [0x00000000c0000000,0x00000000c0a989c0,0x00000000c2680000)
 Metaspace       used 21062K, capacity 21472K, committed 21632K, reserved 1069056K
  class space    used 2754K, capacity 2886K, committed 2944K, reserved 1048576K
Event: 64.196 GC heap after
Heap after GC invocations=9 (full 1):
 PSYoungGen      total 55808K, used 1408K [0x00000000eab00000, 0x00000000eeb80000, 0x0000000100000000)
  eden space 45568K, 0% used [0x00000000eab00000,0x00000000eab00000,0x00000000ed780000)
  from space 10240K, 13% used [0x00000000ee180000,0x00000000ee2e0030,0x00000000eeb80000)
  to   space 10240K, 0% used [0x00000000ed780000,0x00000000ed780000,0x00000000ee180000)
 ParOldGen       total 39424K, used 10858K [0x00000000c0000000, 0x00000000c2680000, 0x00000000eab00000)
  object space 39424K, 27% used [0x00000000c0000000,0x00000000c0a9a9c0,0x00000000c2680000)
 Metaspace       used 21062K, capacity 21472K, committed 21632K, reserved 1069056K
  class space    used 2754K, capacity 2886K, committed 2944K, reserved 1048576K
}
Event: 64.573 GC heap before
{Heap before GC invocations=10 (full 1):
 PSYoungGen      total 55808K, used 46976K [0x00000000eab00000, 0x00000000eeb80000, 0x0000000100000000)
  eden space 45568K, 100% used [0x00000000eab00000,0x00000000ed780000,0x00000000ed780000)
  from space 10240K, 13% used [0x00000000ee180000,0x00000000ee2e0030,0x00000000eeb80000)
  to   space 10240K, 0% used [0x00000000ed780000,0x00000000ed780000,0x00000000ee180000)
 ParOldGen       total 39424K, used 10858K [0x00000000c0000000, 0x00000000c2680000, 0x00000000eab00000)
  object space 39424K, 27% used [0x00000000c0000000,0x00000000c0a9a9c0,0x00000000c2680000)
 Metaspace       used 21062K, capacity 21472K, committed 21632K, reserved 1069056K
  class space    used 2754K, capacity 2886K, committed 2944K, reserved 1048576K
Event: 64.578 GC heap after
Heap after GC invocations=10 (full 1):
 PSYoungGen      total 55808K, used 1120K [0x00000000eab00000, 0x00000000eeb80000, 0x0000000100000000)
  eden space 45568K, 0% used [0x00000000eab00000,0x00000000eab00000,0x00000000ed780000)
  from space 10240K, 10% used [0x00000000ed780000,0x00000000ed898030,0x00000000ee180000)
  to   space 10240K, 0% used [0x00000000ee180000,0x00000000ee180000,0x00000000eeb80000)
 ParOldGen       total 39424K, used 11586K [0x00000000c0000000, 0x00000000c2680000, 0x00000000eab00000)
  object space 39424K, 29% used [0x00000000c0000000,0x00000000c0b509e0,0x00000000c2680000)
 Metaspace       used 21062K, capacity 21472K, committed 21632K, reserved 1069056K
  class space    used 2754K, capacity 2886K, committed 2944K, reserved 1048576K
}
Event: 64.919 GC heap before
{Heap before GC invocations=11 (full 1):
 PSYoungGen      total 55808K, used 46688K [0x00000000eab00000, 0x00000000eeb80000, 0x0000000100000000)
  eden space 45568K, 100% used [0x00000000eab00000,0x00000000ed780000,0x00000000ed780000)
  from space 10240K, 10% used [0x00000000ed780000,0x00000000ed898030,0x00000000ee180000)
  to   space 10240K, 0% used [0x00000000ee180000,0x00000000ee180000,0x00000000eeb80000)
 ParOldGen       total 39424K, used 11586K [0x00000000c0000000, 0x00000000c2680000, 0x00000000eab00000)
  object space 39424K, 29% used [0x00000000c0000000,0x00000000c0b509e0,0x00000000c2680000)
 Metaspace       used 21069K, capacity 21472K, committed 21632K, reserved 1069056K
  class space    used 2755K, capacity 2886K, committed 2944K, reserved 1048576K
Event: 64.943 GC heap after
Heap after GC invocations=11 (full 1):
 PSYoungGen      total 55808K, used 1152K [0x00000000eab00000, 0x00000000eeb80000, 0x0000000100000000)
  eden space 45568K, 0% used [0x00000000eab00000,0x00000000eab00000,0x00000000ed780000)
  from space 10240K, 11% used [0x00000000ee180000,0x00000000ee2a0010,0x00000000eeb80000)
  to   space 10240K, 0% used [0x00000000ed780000,0x00000000ed780000,0x00000000ee180000)
 ParOldGen       total 39424K, used 12210K [0x00000000c0000000, 0x00000000c2680000, 0x00000000eab00000)
  object space 39424K, 30% used [0x00000000c0000000,0x00000000c0beca00,0x00000000c2680000)
 Metaspace       used 21069K, capacity 21472K, committed 21632K, reserved 1069056K
  class space    used 2755K, capacity 2886K, committed 2944K, reserved 1048576K
}
Event: 70.768 GC heap before
{Heap before GC invocations=12 (full 1):
 PSYoungGen      total 55808K, used 46720K [0x00000000eab00000, 0x00000000eeb80000, 0x0000000100000000)
  eden space 45568K, 100% used [0x00000000eab00000,0x00000000ed780000,0x00000000ed780000)
  from space 10240K, 11% used [0x00000000ee180000,0x00000000ee2a0010,0x00000000eeb80000)
  to   space 10240K, 0% used [0x00000000ed780000,0x00000000ed780000,0x00000000ee180000)
 ParOldGen       total 39424K, used 12210K [0x00000000c0000000, 0x00000000c2680000, 0x00000000eab00000)
  object space 39424K, 30% used [0x00000000c0000000,0x00000000c0beca00,0x00000000c2680000)
 Metaspace       used 24132K, capacity 24594K, committed 24832K, reserved 1071104K
  class space    used 3172K, capacity 3300K, committed 3328K, reserved 1048576K
Event: 70.778 GC heap after
Heap after GC invocations=12 (full 1):
 PSYoungGen      total 55808K, used 5388K [0x00000000eab00000, 0x00000000f0380000, 0x0000000100000000)
  eden space 45568K, 0% used [0x00000000eab00000,0x00000000eab00000,0x00000000ed780000)
  from space 10240K, 52% used [0x00000000ed780000,0x00000000edcc31b8,0x00000000ee180000)
  to   space 9728K, 0% used [0x00000000efa00000,0x00000000efa00000,0x00000000f0380000)
 ParOldGen       total 39424K, used 13362K [0x00000000c0000000, 0x00000000c2680000, 0x00000000eab00000)
  object space 39424K, 33% used [0x00000000c0000000,0x00000000c0d0ca10,0x00000000c2680000)
 Metaspace       used 24132K, capacity 24594K, committed 24832K, reserved 1071104K
  class space    used 3172K, capacity 3300K, committed 3328K, reserved 1048576K
}
Event: 79.397 GC heap before
{Heap before GC invocations=13 (full 1):
 PSYoungGen      total 55808K, used 50956K [0x00000000eab00000, 0x00000000f0380000, 0x0000000100000000)
  eden space 45568K, 100% used [0x00000000eab00000,0x00000000ed780000,0x00000000ed780000)
  from space 10240K, 52% used [0x00000000ed780000,0x00000000edcc31b8,0x00000000ee180000)
  to   space 9728K, 0% used [0x00000000efa00000,0x00000000efa00000,0x00000000f0380000)
 ParOldGen       total 39424K, used 13362K [0x00000000c0000000, 0x00000000c2680000, 0x00000000eab00000)
  object space 39424K, 33% used [0x00000000c0000000,0x00000000c0d0ca10,0x00000000c2680000)
 Metaspace       used 27045K, capacity 27588K, committed 27648K, reserved 1073152K
  class space    used 3657K, capacity 3801K, committed 3840K, reserved 1048576K
Event: 79.425 GC heap after
Heap after GC invocations=13 (full 1):
 PSYoungGen      total 79872K, used 5103K [0x00000000eab00000, 0x00000000f0300000, 0x0000000100000000)
  eden space 70656K, 0% used [0x00000000eab00000,0x00000000eab00000,0x00000000ef000000)
  from space 9216K, 55% used [0x00000000efa00000,0x00000000efefbc48,0x00000000f0300000)
  to   space 9728K, 0% used [0x00000000ef000000,0x00000000ef000000,0x00000000ef980000)
 ParOldGen       total 39424K, used 16146K [0x00000000c0000000, 0x00000000c2680000, 0x00000000eab00000)
  object space 39424K, 40% used [0x00000000c0000000,0x00000000c0fc4a50,0x00000000c2680000)
 Metaspace       used 27045K, capacity 27588K, committed 27648K, reserved 1073152K
  class space    used 3657K, capacity 3801K, committed 3840K, reserved 1048576K
}

